<?xml version="1.0" encoding="UTF-8"?>
<!-- Generated by org.testng.reporters.JUnitXMLReporter -->
<testsuite hostname="DESKTOP-MPSRKTM" ignored="0" name="Default test(failed)" tests="1" failures="1" timestamp="31 May 2019 06:30:14 GMT" time="0.029" errors="0">
  <testcase name="cross" time="0.005" classname="com.core.test.CrossTest">
    <failure type="java.lang.NullPointerException">
      <![CDATA[java.lang.NullPointerExceptionat com.core.test.CrossTest.cross(CrossTest.java:28)... Removed 25 stack frames]]>
    </failure>
  </testcase> <!-- cross -->
</testsuite> <!-- Default test(failed) -->
