<?xml version="1.0" encoding="UTF-8"?>
<!-- Generated by org.testng.reporters.JUnitXMLReporter -->
<testsuite hostname="DESKTOP-MPSRKTM" ignored="0" name="Test" tests="3" failures="0" timestamp="31 May 2019 17:01:21 GMT" time="15.179" errors="0">
  <testcase name="test1" time="3.821" classname="com.core.test.CrossTest"/>
  <testcase name="test2" time="5.503" classname="com.core.test.CrossTest"/>
  <testcase name="setUp" time="5.828" classname="com.core.test.BaseTest"/>
</testsuite> <!-- Test -->
