<?xml version="1.0" encoding="UTF-8"?>
<testng-results skipped="0" failed="0" ignored="0" total="0" passed="0">
  <reporter-output>
  </reporter-output>
  <suite name="com.core.test.BaseTest" duration-ms="2" started-at="2019-05-29T22:35:12Z" finished-at="2019-05-29T22:35:12Z">
    <groups>
    </groups>
    <test name="Command line test" duration-ms="2" started-at="2019-05-29T22:35:12Z" finished-at="2019-05-29T22:35:12Z">
    </test> <!-- Command line test -->
  </suite> <!-- com.core.test.BaseTest -->
</testng-results>
