<?xml version="1.0" encoding="UTF-8"?>
<testng-results skipped="0" failed="1" ignored="0" total="1" passed="0">
  <reporter-output>
  </reporter-output>
  <suite name="Default suite" duration-ms="3843" started-at="2019-06-02T00:10:44Z" finished-at="2019-06-02T00:10:48Z">
    <groups>
    </groups>
    <test name="Default test" duration-ms="3843" started-at="2019-06-02T00:10:44Z" finished-at="2019-06-02T00:10:48Z">
      <class name="com.core.test.ContextClick">
        <test-method status="FAIL" signature="f()[pri:0, instance:com.core.test.ContextClick@179ece50]" name="f" duration-ms="3806" started-at="2019-06-01T17:10:45Z" finished-at="2019-06-01T17:10:48Z">
          <exception class="org.openqa.selenium.InvalidSelectorException">
            <message>
              <![CDATA[invalid selector: Unable to locate an element with the xpath expression <a class="gb_d" data-pid="2" href="https://www.google.com/imghp?hl=en&amp;tab=ri&amp;authuser=0&amp;ogbl">Images</a> because of the following error:SyntaxError: Failed to execute 'evaluate' on 'Document': The string '<a class="gb_d" data-pid="2" href="https://www.google.com/imghp?hl=en&amp;tab=ri&amp;authuser=0&amp;ogbl">Images</a>' is not a valid XPath expression.  (Session info: chrome=74.0.3729.169)  (Driver info: chromedriver=2.40.565498 (ea082db3280dd6843ebfb08a625e3eb905c4f5ab),platform=Windows NT 10.0.17134 x86_64) (WARNING: The server did not provide any stacktrace information)Command duration or timeout: 33 millisecondsFor documentation on this error, please visit: http://seleniumhq.org/exceptions/invalid_selector_exception.htmlBuild info: version: '3.1.0', revision: 'b94c902', time: '2017-02-16 12:21:31 -0800'System info: host: 'DESKTOP-MPSRKTM', ip: '192.168.1.11', os.name: 'Windows 10', os.arch: 'amd64', os.version: '10.0', java.version: '1.8.0_151'Driver info: org.openqa.selenium.chrome.ChromeDriverCapabilities [{applicationCacheEnabled=false, rotatable=false, mobileEmulationEnabled=false, networkConnectionEnabled=false, chrome={chromedriverVersion=2.40.565498 (ea082db3280dd6843ebfb08a625e3eb905c4f5ab), userDataDir=C:\Users\User\AppData\Local\Temp\scoped_dir2584_28737}, takesHeapSnapshot=true, pageLoadStrategy=normal, databaseEnabled=false, handlesAlerts=true, hasTouchScreen=false, version=74.0.3729.169, platform=XP, browserConnectionEnabled=false, nativeEvents=true, acceptSslCerts=false, acceptInsecureCerts=false, locationContextEnabled=true, webStorageEnabled=true, browserName=chrome, takesScreenshot=true, javascriptEnabled=true, cssSelectorsEnabled=true, setWindowRect=true, unexpectedAlertBehaviour=}]Session ID: 42aabde15a612c1c3f49f86534dcfc83*** Element info: {Using=xpath, value=<a class="gb_d" data-pid="2" href="https://www.google.com/imghp?hl=en&amp;tab=ri&amp;authuser=0&amp;ogbl">Images</a>}]]>
            </message>
            <full-stacktrace>
              <![CDATA[org.openqa.selenium.InvalidSelectorException: invalid selector: Unable to locate an element with the xpath expression <a class="gb_d" data-pid="2" href="https://www.google.com/imghp?hl=en&amp;tab=ri&amp;authuser=0&amp;ogbl">Images</a> because of the following error:SyntaxError: Failed to execute 'evaluate' on 'Document': The string '<a class="gb_d" data-pid="2" href="https://www.google.com/imghp?hl=en&amp;tab=ri&amp;authuser=0&amp;ogbl">Images</a>' is not a valid XPath expression.  (Session info: chrome=74.0.3729.169)  (Driver info: chromedriver=2.40.565498 (ea082db3280dd6843ebfb08a625e3eb905c4f5ab),platform=Windows NT 10.0.17134 x86_64) (WARNING: The server did not provide any stacktrace information)Command duration or timeout: 33 millisecondsFor documentation on this error, please visit: http://seleniumhq.org/exceptions/invalid_selector_exception.htmlBuild info: version: '3.1.0', revision: 'b94c902', time: '2017-02-16 12:21:31 -0800'System info: host: 'DESKTOP-MPSRKTM', ip: '192.168.1.11', os.name: 'Windows 10', os.arch: 'amd64', os.version: '10.0', java.version: '1.8.0_151'Driver info: org.openqa.selenium.chrome.ChromeDriverCapabilities [{applicationCacheEnabled=false, rotatable=false, mobileEmulationEnabled=false, networkConnectionEnabled=false, chrome={chromedriverVersion=2.40.565498 (ea082db3280dd6843ebfb08a625e3eb905c4f5ab), userDataDir=C:\Users\User\AppData\Local\Temp\scoped_dir2584_28737}, takesHeapSnapshot=true, pageLoadStrategy=normal, databaseEnabled=false, handlesAlerts=true, hasTouchScreen=false, version=74.0.3729.169, platform=XP, browserConnectionEnabled=false, nativeEvents=true, acceptSslCerts=false, acceptInsecureCerts=false, locationContextEnabled=true, webStorageEnabled=true, browserName=chrome, takesScreenshot=true, javascriptEnabled=true, cssSelectorsEnabled=true, setWindowRect=true, unexpectedAlertBehaviour=}]Session ID: 42aabde15a612c1c3f49f86534dcfc83*** Element info: {Using=xpath, value=<a class="gb_d" data-pid="2" href="https://www.google.com/imghp?hl=en&amp;tab=ri&amp;authuser=0&amp;ogbl">Images</a>}at sun.reflect.NativeConstructorAccessorImpl.newInstance0(Native Method)at sun.reflect.NativeConstructorAccessorImpl.newInstance(NativeConstructorAccessorImpl.java:62)at sun.reflect.DelegatingConstructorAccessorImpl.newInstance(DelegatingConstructorAccessorImpl.java:45)at java.lang.reflect.Constructor.newInstance(Constructor.java:423)at org.openqa.selenium.remote.ErrorHandler.createThrowable(ErrorHandler.java:216)at org.openqa.selenium.remote.ErrorHandler.throwIfResponseFailed(ErrorHandler.java:168)at org.openqa.selenium.remote.RemoteWebDriver.execute(RemoteWebDriver.java:635)at org.openqa.selenium.remote.RemoteWebDriver.findElement(RemoteWebDriver.java:368)at org.openqa.selenium.remote.RemoteWebDriver.findElementByXPath(RemoteWebDriver.java:473)at org.openqa.selenium.By$ByXPath.findElement(By.java:361)at org.openqa.selenium.remote.RemoteWebDriver.findElement(RemoteWebDriver.java:360)at com.core.test.ContextClick.f(ContextClick.java:18)at sun.reflect.NativeMethodAccessorImpl.invoke0(Native Method)at sun.reflect.NativeMethodAccessorImpl.invoke(NativeMethodAccessorImpl.java:62)at sun.reflect.DelegatingMethodAccessorImpl.invoke(DelegatingMethodAccessorImpl.java:43)at java.lang.reflect.Method.invoke(Method.java:498)at org.testng.internal.MethodInvocationHelper.invokeMethod(MethodInvocationHelper.java:124)at org.testng.internal.Invoker.invokeMethod(Invoker.java:571)at org.testng.internal.Invoker.invokeTestMethod(Invoker.java:707)at org.testng.internal.Invoker.invokeTestMethods(Invoker.java:979)at org.testng.internal.TestMethodWorker.invokeTestMethods(TestMethodWorker.java:125)at org.testng.internal.TestMethodWorker.run(TestMethodWorker.java:109)at org.testng.TestRunner.privateRun(TestRunner.java:648)at org.testng.TestRunner.run(TestRunner.java:505)at org.testng.SuiteRunner.runTest(SuiteRunner.java:455)at org.testng.SuiteRunner.runSequentially(SuiteRunner.java:450)at org.testng.SuiteRunner.privateRun(SuiteRunner.java:415)at org.testng.SuiteRunner.run(SuiteRunner.java:364)at org.testng.SuiteRunnerWorker.runSuite(SuiteRunnerWorker.java:52)at org.testng.SuiteRunnerWorker.run(SuiteRunnerWorker.java:84)at org.testng.TestNG.runSuitesSequentially(TestNG.java:1187)at org.testng.TestNG.runSuitesLocally(TestNG.java:1116)at org.testng.TestNG.runSuites(TestNG.java:1028)at org.testng.TestNG.run(TestNG.java:996)at org.testng.remote.AbstractRemoteTestNG.run(AbstractRemoteTestNG.java:114)at org.testng.remote.RemoteTestNG.initAndRun(RemoteTestNG.java:251)at org.testng.remote.RemoteTestNG.main(RemoteTestNG.java:77)]]>
            </full-stacktrace>
          </exception> <!-- org.openqa.selenium.InvalidSelectorException -->
          <reporter-output>
          </reporter-output>
        </test-method> <!-- f -->
      </class> <!-- com.core.test.ContextClick -->
    </test> <!-- Default test -->
  </suite> <!-- Default suite -->
</testng-results>
